<?xml version="1.0" encoding="UTF-8"?>
<!-- Generated by org.testng.reporters.JUnitXMLReporter -->
<testsuite hostname="LAPTOP-DGUP2R51" ignored="0" name="Default test" tests="11" failures="0" timestamp="2021-09-26T07:36:53 IST" time="44.218" errors="0">
  <testcase name="tvunits" time="6.801" classname="com.comprensive_assessment_hybrid_framework.runner.Runner"/>
  <testcase name="validate_stores" time="0.209" classname="com.comprensive_assessment_hybrid_framework.runner.Runner"/>
  <testcase name="searchingelements" time="1.007" classname="com.comprensive_assessment_hybrid_framework.runner.Runner"/>
  <testcase name="gift_cards" time="10.796" classname="com.comprensive_assessment_hybrid_framework.runner.Runner"/>
  <testcase name="help" time="4.925" classname="com.comprensive_assessment_hybrid_framework.runner.Runner"/>
  <testcase name="kidsroom" time="0.264" classname="com.comprensive_assessment_hybrid_framework.runner.Runner"/>
  <testcase name="testdata" time="2.544" classname="com.comprensive_assessment_hybrid_framework.runner.Runner"/>
  <testcase name="testdata" time="2.361" classname="com.comprensive_assessment_hybrid_framework.runner.Runner"/>
  <testcase name="testdata" time="2.108" classname="com.comprensive_assessment_hybrid_framework.runner.Runner"/>
  <testcase name="searchtab" time="1.888" classname="com.comprensive_assessment_hybrid_framework.runner.Runner"/>
  <testcase name="connectwithus" time="0.351" classname="com.comprensive_assessment_hybrid_framework.runner.Runner"/>
</testsuite> <!-- Default test -->
