<?xml version="1.0" encoding="UTF-8"?>
<!-- Generated by org.testng.reporters.JUnitXMLReporter -->
<testsuite hostname="LAPTOP-DGUP2R51" ignored="0" name="Default test" tests="12" failures="0" timestamp="2021-09-26T08:12:33 IST" time="46.625" errors="0">
  <testcase name="login" time="9.237" classname="com.comprensive_assessment_hybrid_framework.runner.Runner"/>
  <testcase name="tvunits" time="3.489" classname="com.comprensive_assessment_hybrid_framework.runner.Runner"/>
  <testcase name="validate_stores" time="0.211" classname="com.comprensive_assessment_hybrid_framework.runner.Runner"/>
  <testcase name="searchingelements" time="0.828" classname="com.comprensive_assessment_hybrid_framework.runner.Runner"/>
  <testcase name="gift_cards" time="9.0" classname="com.comprensive_assessment_hybrid_framework.runner.Runner"/>
  <testcase name="help" time="5.636" classname="com.comprensive_assessment_hybrid_framework.runner.Runner"/>
  <testcase name="kidsroom" time="0.253" classname="com.comprensive_assessment_hybrid_framework.runner.Runner"/>
  <testcase name="testdata" time="1.955" classname="com.comprensive_assessment_hybrid_framework.runner.Runner"/>
  <testcase name="testdata" time="2.495" classname="com.comprensive_assessment_hybrid_framework.runner.Runner"/>
  <testcase name="testdata" time="2.103" classname="com.comprensive_assessment_hybrid_framework.runner.Runner"/>
  <testcase name="searchtab" time="2.824" classname="com.comprensive_assessment_hybrid_framework.runner.Runner"/>
  <testcase name="connectwithus" time="0.43" classname="com.comprensive_assessment_hybrid_framework.runner.Runner"/>
</testsuite> <!-- Default test -->
