<?xml version="1.0" encoding="UTF-8"?>
<!-- Generated by org.testng.reporters.JUnitXMLReporter -->
<testsuite hostname="LAPTOP-DGUP2R51" ignored="0" name="runner" tests="10" failures="0" timestamp="2021-09-24T11:24:40 IST" time="32.15" errors="0">
  <testcase name="tvunits" time="2.674" classname="com.comprensive_assessment_hybrid_framework.runner.Runner"/>
  <testcase name="validate_stores" time="0.2" classname="com.comprensive_assessment_hybrid_framework.runner.Runner"/>
  <testcase name="searchingelements" time="0.788" classname="com.comprensive_assessment_hybrid_framework.runner.Runner"/>
  <testcase name="gift_cards" time="9.162" classname="com.comprensive_assessment_hybrid_framework.runner.Runner"/>
  <testcase name="help" time="4.63" classname="com.comprensive_assessment_hybrid_framework.runner.Runner"/>
  <testcase name="sale" time="0.281" classname="com.comprensive_assessment_hybrid_framework.runner.Runner"/>
  <testcase name="testdata" time="1.994" classname="com.comprensive_assessment_hybrid_framework.runner.Runner"/>
  <testcase name="testdata" time="2.476" classname="com.comprensive_assessment_hybrid_framework.runner.Runner"/>
  <testcase name="testdata" time="1.78" classname="com.comprensive_assessment_hybrid_framework.runner.Runner"/>
  <testcase name="searchtab" time="2.34" classname="com.comprensive_assessment_hybrid_framework.runner.Runner"/>
</testsuite> <!-- runner -->
