<?xml version="1.0" encoding="UTF-8"?>
<!-- Generated by org.testng.reporters.JUnitXMLReporter -->
<testsuite hostname="LAPTOP-DGUP2R51" ignored="0" name="runner" tests="11" failures="0" timestamp="2021-09-26T07:46:44 IST" time="91.186" errors="0">
  <testcase name="tvunits" time="19.821" classname="com.comprensive_assessment_hybrid_framework.runner.Runner"/>
  <testcase name="validate_stores" time="0.088" classname="com.comprensive_assessment_hybrid_framework.runner.Runner"/>
  <testcase name="searchingelements" time="0.783" classname="com.comprensive_assessment_hybrid_framework.runner.Runner"/>
  <testcase name="gift_cards" time="17.753" classname="com.comprensive_assessment_hybrid_framework.runner.Runner"/>
  <testcase name="help" time="4.511" classname="com.comprensive_assessment_hybrid_framework.runner.Runner"/>
  <testcase name="kidsroom" time="0.276" classname="com.comprensive_assessment_hybrid_framework.runner.Runner"/>
  <testcase name="testdata" time="3.811" classname="com.comprensive_assessment_hybrid_framework.runner.Runner"/>
  <testcase name="testdata" time="2.183" classname="com.comprensive_assessment_hybrid_framework.runner.Runner"/>
  <testcase name="testdata" time="2.062" classname="com.comprensive_assessment_hybrid_framework.runner.Runner"/>
  <testcase name="searchtab" time="2.336" classname="com.comprensive_assessment_hybrid_framework.runner.Runner"/>
  <testcase name="connectwithus" time="0.405" classname="com.comprensive_assessment_hybrid_framework.runner.Runner"/>
</testsuite> <!-- runner -->
